# JRE version: Java(TM) SE Runtime Environment (23.0.1+11) (build 23.0.1+11-39)
# Java VM: Java HotSpot(TM) 64-Bit Server VM (23.0.1+11-39, mixed mode, emulated-client, sharing, tiered, compressed oops, compressed class ptrs, g1 gc, windows-amd64)
GC Precious Log:
 CardTable entry size: 512
 Card Set container configuration: InlinePtr #cards 4 size 8 Array Of Cards #cards 16 size 48 Howl #buckets 8 coarsen threshold 3686 Howl Bitmap #cards 512 size 80 coarsen threshold 460 Card regions per heap region 1 cards per card region 4096
 CPUs: 8 total, 8 available
 Memory: 16212M
 Large Page Support: Disabled
 NUMA Support: Disabled
 Compressed Oops: Enabled (Zero based)
 Heap Region Size: 2M
 Heap Min Capacity: 8M
 Heap Initial Capacity: 254M
 Heap Max Capacity: 4054M
 Pre-touch: Disabled
 Parallel Workers: 8
 Concurrent Workers: 2
 Concurrent Refinement Workers: 8
 Periodic GC: Disabled
Heap:
 garbage-first heap   total reserved 4151296K, committed 157696K, used 82927K [0x0000000702a00000, 0x0000000800000000)
  region size 2048K, 26 young (53248K), 1 survivors (2048K)
 Metaspace       used 75000K, committed 75712K, reserved 1114112K
  class space    used 11157K, committed 11456K, reserved 1048576K
GC Heap History (20 events):
Event: 13.630 GC heap before
{Heap before GC invocations=13 (full 0):
 garbage-first heap   total reserved 4151296K, committed 55296K, used 44131K [0x0000000702a00000, 0x0000000800000000)
  region size 2048K, 11 young (22528K), 2 survivors (4096K)
 Metaspace       used 48599K, committed 49216K, reserved 1114112K
  class space    used 6996K, committed 7232K, reserved 1048576K
}
Event: 13.635 GC heap after
{Heap after GC invocations=14 (full 0):
 garbage-first heap   total reserved 4151296K, committed 55296K, used 26461K [0x0000000702a00000, 0x0000000800000000)
  region size 2048K, 1 young (2048K), 1 survivors (2048K)
 Metaspace       used 48599K, committed 49216K, reserved 1114112K
  class space    used 6996K, committed 7232K, reserved 1048576K
}
Event: 14.620 GC heap before
{Heap before GC invocations=14 (full 0):
 garbage-first heap   total reserved 4151296K, committed 55296K, used 46941K [0x0000000702a00000, 0x0000000800000000)
  region size 2048K, 11 young (22528K), 1 survivors (2048K)
 Metaspace       used 52561K, committed 53120K, reserved 1114112K
  class space    used 7514K, committed 7744K, reserved 1048576K
}
Event: 14.625 GC heap after
{Heap after GC invocations=15 (full 0):
 garbage-first heap   total reserved 4151296K, committed 55296K, used 27269K [0x0000000702a00000, 0x0000000800000000)
  region size 2048K, 2 young (4096K), 2 survivors (4096K)
 Metaspace       used 52561K, committed 53120K, reserved 1114112K
  class space    used 7514K, committed 7744K, reserved 1048576K
}
Event: 15.406 GC heap before
{Heap before GC invocations=16 (full 0):
 garbage-first heap   total reserved 4151296K, committed 55296K, used 43653K [0x0000000702a00000, 0x0000000800000000)
  region size 2048K, 10 young (20480K), 2 survivors (4096K)
 Metaspace       used 56923K, committed 57536K, reserved 1114112K
  class space    used 8305K, committed 8576K, reserved 1048576K
}
Event: 15.413 GC heap after
{Heap after GC invocations=17 (full 0):
 garbage-first heap   total reserved 4151296K, committed 55296K, used 27969K [0x0000000702a00000, 0x0000000800000000)
  region size 2048K, 2 young (4096K), 2 survivors (4096K)
 Metaspace       used 56923K, committed 57536K, reserved 1114112K
  class space    used 8305K, committed 8576K, reserved 1048576K
}
Event: 16.239 GC heap before
{Heap before GC invocations=17 (full 0):
 garbage-first heap   total reserved 4151296K, committed 55296K, used 42305K [0x0000000702a00000, 0x0000000800000000)
  region size 2048K, 10 young (20480K), 2 survivors (4096K)
 Metaspace       used 59741K, committed 60352K, reserved 1114112K
  class space    used 8765K, committed 9024K, reserved 1048576K
}
Event: 16.248 GC heap after
{Heap after GC invocations=18 (full 0):
 garbage-first heap   total reserved 4151296K, committed 55296K, used 27749K [0x0000000702a00000, 0x0000000800000000)
  region size 2048K, 2 young (4096K), 2 survivors (4096K)
 Metaspace       used 59741K, committed 60352K, reserved 1114112K
  class space    used 8765K, committed 9024K, reserved 1048576K
}
Event: 16.990 GC heap before
{Heap before GC invocations=18 (full 0):
 garbage-first heap   total reserved 4151296K, committed 55296K, used 44133K [0x0000000702a00000, 0x0000000800000000)
  region size 2048K, 10 young (20480K), 2 survivors (4096K)
 Metaspace       used 62667K, committed 63424K, reserved 1114112K
  class space    used 9195K, committed 9536K, reserved 1048576K
}
Event: 16.998 GC heap after
{Heap after GC invocations=19 (full 0):
 garbage-first heap   total reserved 4151296K, committed 55296K, used 28991K [0x0000000702a00000, 0x0000000800000000)
  region size 2048K, 2 young (4096K), 2 survivors (4096K)
 Metaspace       used 62667K, committed 63424K, reserved 1114112K
  class space    used 9195K, committed 9536K, reserved 1048576K
}
Event: 17.765 GC heap before
{Heap before GC invocations=20 (full 0):
 garbage-first heap   total reserved 4151296K, committed 55296K, used 45375K [0x0000000702a00000, 0x0000000800000000)
  region size 2048K, 10 young (20480K), 2 survivors (4096K)
 Metaspace       used 65440K, committed 66112K, reserved 1114112K
  class space    used 9638K, committed 9920K, reserved 1048576K
}
Event: 17.773 GC heap after
{Heap after GC invocations=21 (full 0):
 garbage-first heap   total reserved 4151296K, committed 55296K, used 30235K [0x0000000702a00000, 0x0000000800000000)
  region size 2048K, 2 young (4096K), 2 survivors (4096K)
 Metaspace       used 65440K, committed 66112K, reserved 1114112K
  class space    used 9638K, committed 9920K, reserved 1048576K
}
Event: 18.680 GC heap before
{Heap before GC invocations=21 (full 0):
 garbage-first heap   total reserved 4151296K, committed 55296K, used 44571K [0x0000000702a00000, 0x0000000800000000)
  region size 2048K, 9 young (18432K), 2 survivors (4096K)
 Metaspace       used 66209K, committed 66880K, reserved 1114112K
  class space    used 9745K, committed 10048K, reserved 1048576K
}
Event: 18.690 GC heap after
{Heap after GC invocations=22 (full 0):
 garbage-first heap   total reserved 4151296K, committed 55296K, used 30473K [0x0000000702a00000, 0x0000000800000000)
  region size 2048K, 1 young (2048K), 1 survivors (2048K)
 Metaspace       used 66209K, committed 66880K, reserved 1114112K
  class space    used 9745K, committed 10048K, reserved 1048576K
}
Event: 19.793 GC heap before
{Heap before GC invocations=22 (full 0):
 garbage-first heap   total reserved 4151296K, committed 55296K, used 48905K [0x0000000702a00000, 0x0000000800000000)
  region size 2048K, 10 young (20480K), 1 survivors (2048K)
 Metaspace       used 67381K, committed 68096K, reserved 1114112K
  class space    used 9947K, committed 10240K, reserved 1048576K
}
Event: 19.800 GC heap after
{Heap after GC invocations=23 (full 0):
 garbage-first heap   total reserved 4151296K, committed 55296K, used 31719K [0x0000000702a00000, 0x0000000800000000)
  region size 2048K, 2 young (4096K), 2 survivors (4096K)
 Metaspace       used 67381K, committed 68096K, reserved 1114112K
  class space    used 9947K, committed 10240K, reserved 1048576K
}
Event: 20.488 GC heap before
{Heap before GC invocations=24 (full 0):
 garbage-first heap   total reserved 4151296K, committed 55296K, used 46055K [0x0000000702a00000, 0x0000000800000000)
  region size 2048K, 9 young (18432K), 2 survivors (4096K)
 Metaspace       used 69233K, committed 70016K, reserved 1114112K
  class space    used 10226K, committed 10560K, reserved 1048576K
}
Event: 20.497 GC heap after
{Heap after GC invocations=25 (full 0):
 garbage-first heap   total reserved 4151296K, committed 55296K, used 32894K [0x0000000702a00000, 0x0000000800000000)
  region size 2048K, 2 young (4096K), 2 survivors (4096K)
 Metaspace       used 69233K, committed 70016K, reserved 1114112K
  class space    used 10226K, committed 10560K, reserved 1048576K
}
Event: 20.965 GC heap before
{Heap before GC invocations=25 (full 0):
 garbage-first heap   total reserved 4151296K, committed 55296K, used 45182K [0x0000000702a00000, 0x0000000800000000)
  region size 2048K, 8 young (16384K), 2 survivors (4096K)
 Metaspace       used 70175K, committed 71040K, reserved 1114112K
  class space    used 10383K, committed 10752K, reserved 1048576K
}
Event: 20.978 GC heap after
{Heap after GC invocations=26 (full 0):
 garbage-first heap   total reserved 4151296K, committed 157696K, used 33775K [0x0000000702a00000, 0x0000000800000000)
  region size 2048K, 1 young (2048K), 1 survivors (2048K)
 Metaspace       used 70175K, committed 71040K, reserved 1114112K
  class space    used 10383K, committed 10752K, reserved 1048576K
}

